<?xml version="1.0" encoding="UTF-8"?>
<testng-results ignored="0" total="2" passed="2" failed="0" skipped="0">
  <reporter-output>
  </reporter-output>
  <suite started-at="2023-09-25T09:54:00Z" name="Default suite" finished-at="2023-09-25T09:54:02Z" duration-ms="2272">
    <groups>
    </groups>
    <test started-at="2023-09-25T09:54:00Z" name="Default test" finished-at="2023-09-25T09:54:02Z" duration-ms="2272">
      <class name="com.org.test.APITest">
        <test-method is-config="true" signature="setup()[pri:0, instance:com.org.test.APITest@338c99c8]" started-at="2023-09-25T09:54:00Z" name="setup" finished-at="2023-09-25T09:54:01Z" duration-ms="579" status="PASS">
          <reporter-output>
          </reporter-output>
        </test-method> <!-- setup -->
        <test-method signature="verifyPostJsonPayloadForCorrectData()[pri:0, instance:com.org.test.APITest@338c99c8]" started-at="2023-09-25T09:54:01Z" name="verifyPostJsonPayloadForCorrectData" finished-at="2023-09-25T09:54:02Z" duration-ms="1265" status="PASS">
          <reporter-output>
          </reporter-output>
        </test-method> <!-- verifyPostJsonPayloadForCorrectData -->
        <test-method is-config="true" signature="setup()[pri:0, instance:com.org.test.APITest@338c99c8]" started-at="2023-09-25T09:54:02Z" name="setup" finished-at="2023-09-25T09:54:02Z" duration-ms="0" status="PASS">
          <reporter-output>
          </reporter-output>
        </test-method> <!-- setup -->
        <test-method signature="verifyPostJsonPayloadForInCorrectData()[pri:0, instance:com.org.test.APITest@338c99c8]" started-at="2023-09-25T09:54:02Z" name="verifyPostJsonPayloadForInCorrectData" finished-at="2023-09-25T09:54:02Z" duration-ms="401" status="PASS">
          <reporter-output>
          </reporter-output>
        </test-method> <!-- verifyPostJsonPayloadForInCorrectData -->
      </class> <!-- com.org.test.APITest -->
    </test> <!-- Default test -->
  </suite> <!-- Default suite -->
</testng-results>
